
INFO:root:Entry at 2022-08-05 14:51:23.938622
INFO:root:Error finding country code for country South Africa
INFO:root:Error finding country code for country United Kingdom
INFO:root:Error finding country code for country Germany
INFO:root:Error finding country code for country Spain
INFO:root:Entry at 2022-08-05 14:55:49.305608
INFO:root:Error finding country code for company Sanlam
INFO:root:Error finding country code for company ScanSource UK Ltd
INFO:root:Error finding country code for company secunet Security Networks AG-Flex
INFO:root:Error finding country code for company SECURITAS DIRECT ESPAÑA S.A.
INFO:root:Entry at 2022-08-05 14:58:04.954152
INFO:root:Entry at 2022-08-05 14:58:32.308787
INFO:root:Entry at 2022-08-05 15:14:19.262059
INFO:root:Invalid state for company: SUNCORP-METWAY LIMITED. State entered: 0
INFO:root:Invalid state for company: SWM Services GmbH. State entered: 0
INFO:root:Invalid state for company: Tele2 Sverige AB. State entered: 0
INFO:root:Invalid state for company: TELEFONICA. State entered: 0
INFO:root:Invalid state for company: TELEFONICA SOLUCIONES S.A.U.. State entered: 0
INFO:root:Entry at 2022-08-05 15:17:07.704528
INFO:root:Invalid state for company: SUNCORP-METWAY LIMITED. State entered: 0
INFO:root:Invalid state for company: SWM Services GmbH. State entered: 0
INFO:root:Invalid state for company: Tele2 Sverige AB. State entered: 0
INFO:root:Invalid state for company: TELEFONICA. State entered: 0
INFO:root:Invalid state for company: TELEFONICA SOLUCIONES S.A.U.. State entered: 0
INFO:root:Entry at 2022-08-05 15:17:30.794417
INFO:root:Entry at 2022-08-05 15:24:19.836458
INFO:root:Entry at 2022-08-05 15:26:19.841610
INFO:root:Invalid state for company: Sanlam. State entered: 0
INFO:root:Invalid state for company: ScanSource UK Ltd. State entered: 0
INFO:root:Invalid state for company: secunet Security Networks AG-Flex. State entered: 0
INFO:root:Invalid state for company: SECURITAS DIRECT ESPAÑA S.A.. State entered: 0
INFO:root:Entry at 2022-08-05 15:31:46.768188
INFO:root:Invalid state for company: R+V Allgemeine Versicherung AG. State entered: 0
INFO:root:Invalid state for company: RAIZEN ENERGIA S.A. State entered: 0
INFO:root:Invalid state for company: RAIZEN PIRACICABA. State entered: 0
INFO:root:Invalid state for company: RCL Group Services (Pty). State entered: 0
INFO:root:Invalid state for company: Region Norrbotten. State entered: 0
INFO:root:Invalid state for company: RENGO CO LTD. State entered: 0
INFO:root:Invalid state for company: Sanlam. State entered: 0
INFO:root:Invalid state for company: ScanSource UK Ltd. State entered: 0
INFO:root:Invalid state for company: secunet Security Networks AG-Flex. State entered: 0
INFO:root:Invalid state for company: SECURITAS DIRECT ESPAÑA S.A.. State entered: 0
INFO:root:Entry at 2022-08-05 15:38:35.879832
INFO:root:Invalid state for company: R+V Allgemeine Versicherung AG. State entered: 0
INFO:root:Invalid state for company: RAIZEN ENERGIA S.A. State entered: 0
INFO:root:Invalid state for company: RAIZEN PIRACICABA. State entered: 0
INFO:root:Invalid state for company: RCL Group Services (Pty). State entered: 0
INFO:root:Invalid state for company: Region Norrbotten. State entered: 0
INFO:root:Invalid state for company: RENGO CO LTD. State entered: 0
INFO:root:Invalid state for company: Sanlam. State entered: 0
INFO:root:Invalid state for company: ScanSource UK Ltd. State entered: 0
INFO:root:Invalid state for company: secunet Security Networks AG-Flex. State entered: 0
INFO:root:Invalid state for company: SECURITAS DIRECT ESPAÑA S.A.. State entered: 0
INFO:root:Entry at 2022-08-08 11:08:56.891242
INFO:root:Invalid state for company: R+V Allgemeine Versicherung AG. State entered: 0
INFO:root:Invalid state for company: RAIZEN ENERGIA S.A. State entered: 0
INFO:root:Invalid state for company: RAIZEN PIRACICABA. State entered: 0
INFO:root:Invalid state for company: RCL Group Services (Pty). State entered: 0
INFO:root:Invalid state for company: Region Norrbotten. State entered: 0
INFO:root:Invalid state for company: RENGO CO LTD. State entered: 0
INFO:root:Invalid state for company: Sanlam. State entered: 0
INFO:root:Invalid state for company: ScanSource UK Ltd. State entered: 0
INFO:root:Invalid state for company: secunet Security Networks AG-Flex. State entered: 0
INFO:root:Invalid state for company: SECURITAS DIRECT ESPAÑA S.A.. State entered: 0
INFO:root:Entry at 2022-08-08 11:38:53.304013
INFO:root:Invalid state for company: R+V Allgemeine Versicherung AG. State entered: 0
INFO:root:Invalid state for company: RAIZEN ENERGIA S.A. State entered: 0
INFO:root:Invalid state for company: RAIZEN PIRACICABA. State entered: 0
INFO:root:Invalid state for company: RCL Group Services (Pty). State entered: 0
INFO:root:Invalid state for company: Region Norrbotten. State entered: 0
INFO:root:Invalid state for company: RENGO CO LTD. State entered: 0
INFO:root:Invalid state for company: Sanlam. State entered: 0
INFO:root:Invalid state for company: ScanSource UK Ltd. State entered: 0
INFO:root:Invalid state for company: secunet Security Networks AG-Flex. State entered: 0
INFO:root:Invalid state for company: SECURITAS DIRECT ESPAÑA S.A.. State entered: 0
INFO:root:Entry at 2022-08-08 11:39:38.966367
INFO:root:Invalid state for company: R+V Allgemeine Versicherung AG. State entered: 0
INFO:root:Invalid state for company: RAIZEN ENERGIA S.A. State entered: 0
INFO:root:Invalid state for company: RAIZEN PIRACICABA. State entered: 0
INFO:root:Invalid state for company: RCL Group Services (Pty). State entered: 0
INFO:root:Invalid state for company: Region Norrbotten. State entered: 0
INFO:root:Invalid state for company: RENGO CO LTD. State entered: 0
INFO:root:Invalid state for company: Sanlam. State entered: 0
INFO:root:Invalid state for company: ScanSource UK Ltd. State entered: 0
INFO:root:Invalid state for company: secunet Security Networks AG-Flex. State entered: 0
INFO:root:Invalid state for company: SECURITAS DIRECT ESPAÑA S.A.. State entered: 0
INFO:root:Entry at 2022-08-08 11:40:57.645497
INFO:root:Invalid state for company: R+V Allgemeine Versicherung AG. State entered: 0
INFO:root:Invalid state for company: RAIZEN ENERGIA S.A. State entered: 0
INFO:root:Invalid state for company: RAIZEN PIRACICABA. State entered: 0
INFO:root:Invalid state for company: RCL Group Services (Pty). State entered: 0
INFO:root:Invalid state for company: Region Norrbotten. State entered: 0
INFO:root:Invalid state for company: RENGO CO LTD. State entered: 0
INFO:root:Invalid state for company: Sanlam. State entered: 0
INFO:root:Invalid state for company: ScanSource UK Ltd. State entered: 0
INFO:root:Invalid state for company: secunet Security Networks AG-Flex. State entered: 0
INFO:root:Invalid state for company: SECURITAS DIRECT ESPAÑA S.A.. State entered: 0
INFO:root:Entry at 2022-08-08 11:43:10.772830
INFO:root:Invalid state for company: R+V Allgemeine Versicherung AG. State entered: 0
INFO:root:Invalid state for company: RAIZEN ENERGIA S.A. State entered: 0
INFO:root:Invalid state for company: RAIZEN PIRACICABA. State entered: 0
INFO:root:Invalid state for company: RCL Group Services (Pty). State entered: 0
INFO:root:Invalid state for company: Region Norrbotten. State entered: 0
INFO:root:Invalid state for company: RENGO CO LTD. State entered: 0
INFO:root:Invalid state for company: Sanlam. State entered: 0
INFO:root:Invalid state for company: ScanSource UK Ltd. State entered: 0
INFO:root:Invalid state for company: secunet Security Networks AG-Flex. State entered: 0
INFO:root:Invalid state for company: SECURITAS DIRECT ESPAÑA S.A.. State entered: 0
INFO:root:Entry at 2022-08-08 12:34:54.470501
INFO:root:Invalid state for company: R+V Allgemeine Versicherung AG. State entered: 0
INFO:root:Invalid state for company: RAIZEN ENERGIA S.A. State entered: 0
INFO:root:Invalid state for company: RAIZEN PIRACICABA. State entered: 0
INFO:root:Invalid state for company: RCL Group Services (Pty). State entered: 0
INFO:root:Invalid state for company: Region Norrbotten. State entered: 0
INFO:root:Invalid state for company: RENGO CO LTD. State entered: 0
INFO:root:Invalid state for company: Sanlam. State entered: 0
INFO:root:Invalid state for company: ScanSource UK Ltd. State entered: 0
INFO:root:Invalid state for company: secunet Security Networks AG-Flex. State entered: 0
INFO:root:Invalid state for company: SECURITAS DIRECT ESPAÑA S.A.. State entered: 0
INFO:root:Entry at 2022-08-08 12:36:24.410827
INFO:root:Invalid state for company: R+V Allgemeine Versicherung AG. State entered: 0
INFO:root:Invalid state for company: RAIZEN ENERGIA S.A. State entered: 0
INFO:root:Invalid state for company: RAIZEN PIRACICABA. State entered: 0
INFO:root:Invalid state for company: RCL Group Services (Pty). State entered: 0
INFO:root:Invalid state for company: Region Norrbotten. State entered: 0
INFO:root:Invalid state for company: RENGO CO LTD. State entered: 0
INFO:root:Invalid state for company: Sanlam. State entered: 0
INFO:root:Invalid state for company: ScanSource UK Ltd. State entered: 0
INFO:root:Invalid state for company: secunet Security Networks AG-Flex. State entered: 0
INFO:root:Invalid state for company: SECURITAS DIRECT ESPAÑA S.A.. State entered: 0
INFO:root:Entry at 2022-08-08 12:41:24.184277
INFO:root:Invalid state for company: R+V Allgemeine Versicherung AG. State entered: 0
INFO:root:Invalid state for company: RAIZEN ENERGIA S.A. State entered: 0
INFO:root:Invalid state for company: RAIZEN PIRACICABA. State entered: 0
INFO:root:Invalid state for company: RCL Group Services (Pty). State entered: 0
INFO:root:Invalid state for company: Region Norrbotten. State entered: 0
INFO:root:Invalid state for company: RENGO CO LTD. State entered: 0
INFO:root:Invalid state for company: Sanlam. State entered: 0
INFO:root:Invalid state for company: ScanSource UK Ltd. State entered: 0
INFO:root:Invalid state for company: secunet Security Networks AG-Flex. State entered: 0
INFO:root:Invalid state for company: SECURITAS DIRECT ESPAÑA S.A.. State entered: 0
INFO:root:Entry at 2022-08-08 12:43:31.486439
INFO:root:Invalid state for company: R+V Allgemeine Versicherung AG. State entered: 0
INFO:root:Invalid state for company: RAIZEN ENERGIA S.A. State entered: 0
INFO:root:Invalid state for company: RAIZEN PIRACICABA. State entered: 0
INFO:root:Invalid state for company: RCL Group Services (Pty). State entered: 0
INFO:root:Invalid state for company: Region Norrbotten. State entered: 0
INFO:root:Invalid state for company: RENGO CO LTD. State entered: 0
INFO:root:Invalid state for company: Sanlam. State entered: 0
INFO:root:Invalid state for company: ScanSource UK Ltd. State entered: 0
INFO:root:Invalid state for company: secunet Security Networks AG-Flex. State entered: 0
INFO:root:Invalid state for company: SECURITAS DIRECT ESPAÑA S.A.. State entered: 0
INFO:root:Entry at 2022-08-08 12:45:28.480525
INFO:root:Entry at 2022-08-08 12:47:07.608689
INFO:root:Invalid state for company: R+V Allgemeine Versicherung AG. State entered: 0
INFO:root:Invalid state for company: RAIZEN ENERGIA S.A. State entered: 0
INFO:root:Invalid state for company: RAIZEN PIRACICABA. State entered: 0
INFO:root:Invalid state for company: RCL Group Services (Pty). State entered: 0
INFO:root:Invalid state for company: Region Norrbotten. State entered: 0
INFO:root:Invalid state for company: RENGO CO LTD. State entered: 0
INFO:root:Invalid state for company: Sanlam. State entered: 0
INFO:root:Invalid state for company: ScanSource UK Ltd. State entered: 0
INFO:root:Invalid state for company: secunet Security Networks AG-Flex. State entered: 0
INFO:root:Invalid state for company: SECURITAS DIRECT ESPAÑA S.A.. State entered: 0
INFO:root:Entry at 2022-08-08 12:51:02.832115
INFO:root:Invalid state for company: R+V Allgemeine Versicherung AG. State entered: 0
INFO:root:Invalid state for company: RAIZEN ENERGIA S.A. State entered: 0
INFO:root:Invalid state for company: RAIZEN PIRACICABA. State entered: 0
INFO:root:Invalid state for company: RCL Group Services (Pty). State entered: 0
INFO:root:Invalid state for company: Region Norrbotten. State entered: 0
INFO:root:Invalid state for company: RENGO CO LTD. State entered: 0
INFO:root:Invalid state for company: Sanlam. State entered: 0
INFO:root:Invalid state for company: ScanSource UK Ltd. State entered: 0
INFO:root:Invalid state for company: secunet Security Networks AG-Flex. State entered: 0
INFO:root:Invalid state for company: SECURITAS DIRECT ESPAÑA S.A.. State entered: 0
INFO:root:Entry at 2022-08-08 12:53:37.239235
INFO:root:Invalid state for company: 349 - ASSOCIACAO PRO VIDA. State entered: 0
INFO:root:Invalid state for company: 3893-Energisa MG. State entered: 0
INFO:root:Invalid state for company: Aalborg Universitet. State entered: 0
INFO:root:Invalid state for company: ABERDEEN STANDARD INVESTMENTS. State entered: 0
INFO:root:Invalid state for company: AIGLE INTERNATIONAL. State entered: 0
INFO:root:Invalid state for company: Air France Service Informatique. State entered: 0
INFO:root:Invalid state for company: ALDI SUED. State entered: 0
INFO:root:Invalid state for company: Allens Operations Pty Ltd. State entered: 0
INFO:root:Invalid state for company: Amaya Group (Pokerstars). State entered: 0
INFO:root:Invalid state for company: Assicurazioni Generali spa. State entered: 0
INFO:root:Invalid state for company: Astellas Pharma Jpn. State entered: 0
INFO:root:Invalid state for company: Awash Bank. State entered: 0
INFO:root:Invalid state for company: AZ Delta vzw. State entered: 0
INFO:root:Invalid state for company: Azienda Ospedaliero-Universitaria di Parma. State entered: 0
INFO:root:Invalid state for company: BASE SOLUCOES DE INTEGRACAO EM TEC. State entered: 0
INFO:root:Invalid state for company: Bayerisches Landesamt fuer Steuern. State entered: 0
INFO:root:Invalid state for company: Beetel Teletech Limited. State entered: 0
INFO:root:Invalid state for company: Bertelsmann SE & Co.KGaA. State entered: 0
INFO:root:Invalid state for company: BG-PHOENICS GMBH. State entered: 0
INFO:root:Invalid state for company: Bharat Petroleum Corporation Limited. State entered: 0
INFO:root:Invalid state for company: BITBW. State entered: 0
INFO:root:Invalid state for company: Bouygues Telecom Entreprises. State entered: 0
INFO:root:Invalid state for company: BSH Hausgeräte GmbH. State entered: 0
INFO:root:Invalid state for company: CAPVISIO. State entered: 0
INFO:root:Invalid state for company: Carthago Reisemobilbau GmbH. State entered: 0
INFO:root:Invalid state for company: Catholic Church Insurance Ltd. State entered: 0
INFO:root:Invalid state for company: COLOMBIA TELECOMUNICACIONES SA ESP -Fiscalía General de la Nación Colombia. State entered: 0
INFO:root:Invalid state for company: COLRUYT. State entered: 0
INFO:root:Invalid state for company: Colt House. State entered: 0
INFO:root:Invalid state for company: Colt Technologies. State entered: 0
INFO:root:Invalid state for company: Company ELIA. State entered: 0
INFO:root:Invalid state for company: Coop Norge SA. State entered: 0
INFO:root:Invalid state for company: CORIS HOLDING. State entered: 0
INFO:root:Invalid state for company: CROC Inc. State entered: 0
INFO:root:Invalid state for company: CRT Company. State entered: 0
INFO:root:Invalid state for company: CTRE NAT FONCTION PUB TERRITORIALE. State entered: 0
INFO:root:Invalid state for company: Deloitte. State entered: 0
INFO:root:Invalid state for company: DELOITTE GATEWAY. State entered: 0
INFO:root:Invalid country for company: DELOITTE GATEWAY. Country entered: 0
INFO:root:Invalid state for company: DELOITTE LLP. State entered: 0
INFO:root:Invalid state for company: Deutscher Bundestag. State entered: 0
INFO:root:Invalid state for company: Dimension Data (Equinix). State entered: 0
INFO:root:Invalid state for company: Domstolsstyrelsen. State entered: 0
INFO:root:Invalid state for company: Dr. Johannes Heidenhain GmbH. State entered: 0
INFO:root:Invalid state for company: ECOPETROL. State entered: 0
INFO:root:Invalid state for company: ELIA GRID INTERNATIONAL SA. State entered: 0
INFO:root:Invalid state for company: Elisa Videra Oy. State entered: 0
INFO:root:Invalid state for company: EMPA. State entered: 0
INFO:root:Invalid state for company: ENEOS Corporation. State entered: 0
INFO:root:Invalid state for company: Energotel SK. State entered: 0
INFO:root:Invalid state for company: Erhvervsakademiet Midtvest. State entered: 0
INFO:root:Invalid state for company: European Union. State entered: 0
INFO:root:Invalid state for company: FarFetch. State entered: 0
INFO:root:Invalid state for company: Fennovoima Oy. State entered: 0
INFO:root:Invalid state for company: FMS Wertmanagement AoR. State entered: 0
INFO:root:Invalid state for company: Fresenius Netcare GmbH. State entered: 0
INFO:root:Invalid state for company: FUERZA AEREA DE CHILE. State entered: 0
INFO:root:Invalid state for company: G2J. State entered: 0
INFO:root:Multiple emails for company: Genmab B.V.. Emails found: ['stefan.timmer@bis.nl', 'eso@genmab.com']
INFO:root:Invalid state for company: Genmab B.V.. State entered: 0
INFO:root:Invalid state for company: Gesundheitsholding Lueneburg GmbH. State entered: 0
INFO:root:Invalid state for company: GLOBO COMUNICACAO E PARTICIPACOES S. State entered: 0
INFO:root:Invalid state for company: Globus SB-Warenhaus Holding GmbH&Co KG. State entered: 0
INFO:root:Invalid state for company: HARMAN Connected Services Corporation (India) Pvt Ltd. State entered: 0
INFO:root:Invalid state for company: HC NETWORKS LTD - DEMO-Flex. State entered: 0
INFO:root:Invalid state for company: Hoerbiger Antriebstechnik GmbH. State entered: 0
INFO:root:Invalid state for company: Hypermarcas S/A. State entered: 0
INFO:root:Invalid state for company: IMT LILLE-DOUAI. State entered: 0
INFO:root:Invalid state for company: IMT NORD EUROPE/DISI. State entered: 0
INFO:root:Invalid state for company: Ingram Micro Trading (Shanghai) Co. Ltd.. State entered: 0
INFO:root:Invalid state for company: INRA. State entered: 0
INFO:root:Invalid state for company: Investec Asset Management. State entered: 0
INFO:root:Invalid state for company: Involve Visual Collaboration Ltd. State entered: 0
INFO:root:Invalid state for company: IRSN. State entered: 0
INFO:root:Invalid state for company: ITAU UNIBANCO SA. State entered: 0
INFO:root:Invalid state for company: KAFALAH. State entered: 0
INFO:root:Invalid state for company: KDDI CORPORATION. State entered: 0
INFO:root:Invalid state for company: KEOLIS. State entered: 0
INFO:root:Invalid state for company: KEOLIS SA. State entered: 0
INFO:root:Invalid state for company: KKCG a.s.. State entered: 0
INFO:root:Invalid state for company: KPN Corporate Market B.V.. State entered: 0
INFO:root:Invalid state for company: Kumpulan Wang Persaraan (KWAP). State entered: 0
INFO:root:Invalid state for company: Kuwait Petroleum Italia Spa. State entered: 0
INFO:root:Invalid state for company: LA FRANCAISE DES JEUX. State entered: 0
INFO:root:Invalid state for company: LEGIAO DA BOA VONTADE. State entered: 0
INFO:root:Invalid state for company: LG Uplus Corp.. State entered: 0
INFO:root:Invalid state for company: Lliberty House GFG Alliance. State entered: 0
INFO:root:Invalid state for company: Luther Rechtsanwälte GmbH. State entered: 0
INFO:root:Invalid state for company: Maharashtra Goods and Service Tax Department. State entered: 0
INFO:root:Invalid state for company: Merck KGaA. State entered: 0
INFO:root:Invalid state for company: MGF SOURCING FAR EAST LTD. State entered: 0
INFO:root:Invalid state for company: Moehr Communication & Consulting. State entered: 0
INFO:root:Invalid state for company: Moneta Money Bank, a.s.. State entered: 0
INFO:root:Invalid state for company: MTU AERO ENGINES AG. State entered: 0
INFO:root:Invalid state for company: MVC Mobile VideoCommunication GmbH. State entered: 0
INFO:root:Invalid state for company: NETMA. State entered: 0
INFO:root:Invalid state for company: NetNordic Norge AS. State entered: 0
INFO:root:Invalid state for company: NEWCREST MINING LIMITED. State entered: 0
INFO:root:Invalid state for company: NRDC-GR. State entered: 0
INFO:root:Multiple emails for company: Office For National Statistics. Emails found: ['graeme.thompson@ons.gov.uk', 'sue.woodward@ons.gov.uk']
INFO:root:Invalid state for company: Office For National Statistics. State entered: 0
INFO:root:Invalid state for company: OSDE. State entered: 0
INFO:root:Invalid state for company: OTSUKA  SHOKAI CORPORATION. State entered: 0
INFO:root:Invalid state for company: P.S.Mitsubishi Construction Co.,Ltd.. State entered: 0
INFO:root:Multiple emails for company: Pinnaca (UK). Emails found: ['ivan.milosevic@neweratech.co.uk', 'renewals@pinnaca.com']
INFO:root:Invalid state for company: Pinnaca (UK). State entered: 0
INFO:root:Invalid state for company: Poly Sweden. State entered: 0
INFO:root:Invalid state for company: Poste Italiane S.p.A.. State entered: 0
INFO:root:Invalid state for company: PRINCETON LTD. State entered: 0
INFO:root:Invalid state for company: Principado de Asturias. State entered: 0
INFO:root:Invalid state for company: PT XL AXIATA INDONESIA. State entered: 0
INFO:root:Invalid state for company: PUB. State entered: 0
INFO:root:Invalid state for company: PUBLIC INVESTMENT FUND (PIF). State entered: 0
INFO:root:Invalid state for company: QBE Management Services. State entered: 0
INFO:root:Invalid state for company: R+V Allgemeine Versicherung AG. State entered: 0
INFO:root:Invalid state for company: RAIZEN ENERGIA S.A. State entered: 0
INFO:root:Invalid state for company: RAIZEN PIRACICABA. State entered: 0
INFO:root:Invalid state for company: RCL Group Services (Pty). State entered: 0
INFO:root:Invalid state for company: Region Norrbotten. State entered: 0
INFO:root:Invalid state for company: RENGO CO LTD. State entered: 0
INFO:root:Invalid state for company: Sanlam. State entered: 0
INFO:root:Invalid state for company: ScanSource UK Ltd. State entered: 0
INFO:root:Invalid state for company: secunet Security Networks AG-Flex. State entered: 0
INFO:root:Invalid state for company: SECURITAS DIRECT ESPAÑA S.A.. State entered: 0
INFO:root:Invalid state for company: SFR. State entered: 0
INFO:root:Invalid state for company: SODEXO. State entered: 0
INFO:root:Invalid state for company: SoftBank Corp.. State entered: 0
INFO:root:Invalid state for company: SoftBank Corporation. State entered: 0
INFO:root:Invalid state for company: SOTOBAYASHI Co.,Ltd.. State entered: 0
INFO:root:Invalid state for company: South West Alliance of Rural Health. State entered: 0
INFO:root:Invalid state for company: South West London and St. George's NHSFT. State entered: 0
INFO:root:Invalid state for company: SQUARE ENIX CO., LTD. State entered: 0
INFO:root:Invalid state for company: Standard Chartered Bank Singapore. State entered: 0
INFO:root:Invalid state for company: Stelia Aerospace. State entered: 0
INFO:root:Invalid state for company: Student Loans Company Ltd. State entered: 0
INFO:root:Invalid state for company: STV, Svenska Tele & Video Konsult AB. State entered: 0
INFO:root:Invalid state for company: Sumitomo Heavy Industries, Ltd.. State entered: 0
INFO:root:Invalid state for company: Sun Pharma. State entered: 0
INFO:root:Invalid state for company: SUNCORP METWAY LTD - NZ. State entered: 0
INFO:root:Invalid state for company: SUNCORP-METWAY LIMITED. State entered: 0
INFO:root:Invalid state for company: SWM Services GmbH. State entered: 0
INFO:root:Invalid state for company: Tele2 Sverige AB. State entered: 0
INFO:root:Invalid state for company: TELEFONICA. State entered: 0
INFO:root:Invalid state for company: TELEFONICA SOLUCIONES S.A.U.. State entered: 0
INFO:root:Invalid state for company: Tilney Group Ltd. State entered: 0
INFO:root:Invalid state for company: TOTAL-ANTICIPATION. State entered: 0
INFO:root:Invalid state for company: TOYOTA. State entered: 0
INFO:root:Invalid state for company: Toyota Motor Europe. State entered: 0
INFO:root:Invalid state for company: Toyota South Africa Motors (PTY) Ltd.. State entered: 0
INFO:root:Invalid state for company: TU-Delft. State entered: 0
INFO:root:Invalid state for company: Ulkoasianministerio. State entered: 0
INFO:root:Invalid state for company: Unibail-Rodamco. State entered: 0
INFO:root:Invalid state for company: Université Bretagne Loire. State entered: 0
INFO:root:Invalid state for company: UNIVERSITY OF ULSTER. State entered: 0
INFO:root:Multiple emails for company: Valtori TUVE. Emails found: ['kari.mutanen@tuve.fi', 'kirjaamo@tuve.fi']
INFO:root:Invalid state for company: Valtori TUVE. State entered: 0
INFO:root:Invalid state for company: VASTECH SA (Pty) Ltd. State entered: 0
INFO:root:Invalid state for company: Videocall Limited. State entered: 0
INFO:root:Invalid state for company: Wates. State entered: 0
INFO:root:Invalid state for company: webmeeting video s.r.o.. State entered: 0
INFO:root:Multiple emails for company: Willis Towers Watson. Emails found: ['sheuli.forte@willistowerswatson.com', 'clarke.mitchell@willistowerswatson.com']
INFO:root:Invalid state for company: Willis Towers Watson. State entered: 0
INFO:root:Entry at 2022-08-08 12:57:23.398194
INFO:root:Invalid state for company: 349 - ASSOCIACAO PRO VIDA. State entered: 0
INFO:root:Invalid state for company: 3893-Energisa MG. State entered: 0
INFO:root:Invalid state for company: Aalborg Universitet. State entered: 0
INFO:root:Invalid state for company: ABERDEEN STANDARD INVESTMENTS. State entered: 0
INFO:root:Invalid state for company: AIGLE INTERNATIONAL. State entered: 0
INFO:root:Invalid state for company: Air France Service Informatique. State entered: 0
INFO:root:Invalid state for company: ALDI SUED. State entered: 0
INFO:root:Invalid state for company: Allens Operations Pty Ltd. State entered: 0
INFO:root:Invalid state for company: Amaya Group (Pokerstars). State entered: 0
INFO:root:Invalid state for company: Assicurazioni Generali spa. State entered: 0
INFO:root:Invalid state for company: Astellas Pharma Jpn. State entered: 0
INFO:root:Invalid state for company: Awash Bank. State entered: 0
INFO:root:Invalid state for company: AZ Delta vzw. State entered: 0
INFO:root:Invalid state for company: Azienda Ospedaliero-Universitaria di Parma. State entered: 0
INFO:root:Invalid state for company: BASE SOLUCOES DE INTEGRACAO EM TEC. State entered: 0
INFO:root:Invalid state for company: Bayerisches Landesamt fuer Steuern. State entered: 0
INFO:root:Invalid state for company: Beetel Teletech Limited. State entered: 0
INFO:root:Invalid state for company: Bertelsmann SE & Co.KGaA. State entered: 0
INFO:root:Invalid state for company: BG-PHOENICS GMBH. State entered: 0
INFO:root:Invalid state for company: Bharat Petroleum Corporation Limited. State entered: 0
INFO:root:Invalid state for company: BITBW. State entered: 0
INFO:root:Invalid state for company: Bouygues Telecom Entreprises. State entered: 0
INFO:root:Invalid state for company: BSH Hausgeräte GmbH. State entered: 0
INFO:root:Invalid state for company: CAPVISIO. State entered: 0
INFO:root:Invalid state for company: Carthago Reisemobilbau GmbH. State entered: 0
INFO:root:Invalid state for company: Catholic Church Insurance Ltd. State entered: 0
INFO:root:Invalid state for company: COLOMBIA TELECOMUNICACIONES SA ESP -Fiscalía General de la Nación Colombia. State entered: 0
INFO:root:Invalid state for company: COLRUYT. State entered: 0
INFO:root:Invalid state for company: Colt House. State entered: 0
INFO:root:Invalid state for company: Colt Technologies. State entered: 0
INFO:root:Invalid state for company: Company ELIA. State entered: 0
INFO:root:Invalid state for company: Coop Norge SA. State entered: 0
INFO:root:Invalid state for company: CORIS HOLDING. State entered: 0
INFO:root:Invalid state for company: CROC Inc. State entered: 0
INFO:root:Invalid state for company: CRT Company. State entered: 0
INFO:root:Invalid state for company: CTRE NAT FONCTION PUB TERRITORIALE. State entered: 0
INFO:root:Invalid state for company: Deloitte. State entered: 0
INFO:root:Invalid state for company: DELOITTE GATEWAY. State entered: 0
INFO:root:Invalid country for company: DELOITTE GATEWAY. Country entered: 0
INFO:root:Invalid state for company: DELOITTE LLP. State entered: 0
INFO:root:Invalid state for company: Deutscher Bundestag. State entered: 0
INFO:root:Invalid state for company: Dimension Data (Equinix). State entered: 0
INFO:root:Invalid state for company: Domstolsstyrelsen. State entered: 0
INFO:root:Invalid state for company: Dr. Johannes Heidenhain GmbH. State entered: 0
INFO:root:Invalid state for company: ECOPETROL. State entered: 0
INFO:root:Invalid state for company: ELIA GRID INTERNATIONAL SA. State entered: 0
INFO:root:Invalid state for company: Elisa Videra Oy. State entered: 0
INFO:root:Invalid state for company: EMPA. State entered: 0
INFO:root:Invalid state for company: ENEOS Corporation. State entered: 0
INFO:root:Invalid state for company: Energotel SK. State entered: 0
INFO:root:Invalid state for company: Erhvervsakademiet Midtvest. State entered: 0
INFO:root:Invalid state for company: European Union. State entered: 0
INFO:root:Invalid state for company: FarFetch. State entered: 0
INFO:root:Invalid state for company: Fennovoima Oy. State entered: 0
INFO:root:Invalid state for company: FMS Wertmanagement AoR. State entered: 0
INFO:root:Invalid state for company: Fresenius Netcare GmbH. State entered: 0
INFO:root:Invalid state for company: FUERZA AEREA DE CHILE. State entered: 0
INFO:root:Invalid state for company: G2J. State entered: 0
INFO:root:Multiple emails for company: Genmab B.V.. Emails found: ['stefan.timmer@bis.nl', 'eso@genmab.com']
INFO:root:Invalid state for company: Genmab B.V.. State entered: 0
INFO:root:Invalid state for company: Gesundheitsholding Lueneburg GmbH. State entered: 0
INFO:root:Invalid state for company: GLOBO COMUNICACAO E PARTICIPACOES S. State entered: 0
INFO:root:Invalid state for company: Globus SB-Warenhaus Holding GmbH&Co KG. State entered: 0
INFO:root:Invalid state for company: HARMAN Connected Services Corporation (India) Pvt Ltd. State entered: 0
INFO:root:Invalid state for company: HC NETWORKS LTD - DEMO-Flex. State entered: 0
INFO:root:Invalid state for company: Hoerbiger Antriebstechnik GmbH. State entered: 0
INFO:root:Invalid state for company: Hypermarcas S/A. State entered: 0
INFO:root:Invalid state for company: IMT LILLE-DOUAI. State entered: 0
INFO:root:Invalid state for company: IMT NORD EUROPE/DISI. State entered: 0
INFO:root:Invalid state for company: Ingram Micro Trading (Shanghai) Co. Ltd.. State entered: 0
INFO:root:Invalid state for company: INRA. State entered: 0
INFO:root:Invalid state for company: Investec Asset Management. State entered: 0
INFO:root:Invalid state for company: Involve Visual Collaboration Ltd. State entered: 0
INFO:root:Invalid state for company: IRSN. State entered: 0
INFO:root:Invalid state for company: ITAU UNIBANCO SA. State entered: 0
INFO:root:Invalid state for company: KAFALAH. State entered: 0
INFO:root:Invalid state for company: KDDI CORPORATION. State entered: 0
INFO:root:Invalid state for company: KEOLIS. State entered: 0
INFO:root:Invalid state for company: KEOLIS SA. State entered: 0
INFO:root:Invalid state for company: KKCG a.s.. State entered: 0
INFO:root:Invalid state for company: KPN Corporate Market B.V.. State entered: 0
INFO:root:Invalid state for company: Kumpulan Wang Persaraan (KWAP). State entered: 0
INFO:root:Invalid state for company: Kuwait Petroleum Italia Spa. State entered: 0
INFO:root:Invalid state for company: LA FRANCAISE DES JEUX. State entered: 0
INFO:root:Invalid state for company: LEGIAO DA BOA VONTADE. State entered: 0
INFO:root:Invalid state for company: LG Uplus Corp.. State entered: 0
INFO:root:Invalid state for company: Lliberty House GFG Alliance. State entered: 0
INFO:root:Invalid state for company: Luther Rechtsanwälte GmbH. State entered: 0
INFO:root:Invalid state for company: Maharashtra Goods and Service Tax Department. State entered: 0
INFO:root:Invalid state for company: Merck KGaA. State entered: 0
INFO:root:Invalid state for company: MGF SOURCING FAR EAST LTD. State entered: 0
INFO:root:Invalid state for company: Moehr Communication & Consulting. State entered: 0
INFO:root:Invalid state for company: Moneta Money Bank, a.s.. State entered: 0
INFO:root:Invalid state for company: MTU AERO ENGINES AG. State entered: 0
INFO:root:Invalid state for company: MVC Mobile VideoCommunication GmbH. State entered: 0
INFO:root:Invalid state for company: NETMA. State entered: 0
INFO:root:Invalid state for company: NetNordic Norge AS. State entered: 0
INFO:root:Invalid state for company: NEWCREST MINING LIMITED. State entered: 0
INFO:root:Invalid state for company: NRDC-GR. State entered: 0
INFO:root:Multiple emails for company: Office For National Statistics. Emails found: ['graeme.thompson@ons.gov.uk', 'sue.woodward@ons.gov.uk']
INFO:root:Invalid state for company: Office For National Statistics. State entered: 0
INFO:root:Invalid state for company: OSDE. State entered: 0
INFO:root:Invalid state for company: OTSUKA  SHOKAI CORPORATION. State entered: 0
INFO:root:Invalid state for company: P.S.Mitsubishi Construction Co.,Ltd.. State entered: 0
INFO:root:Multiple emails for company: Pinnaca (UK). Emails found: ['ivan.milosevic@neweratech.co.uk', 'renewals@pinnaca.com']
INFO:root:Invalid state for company: Pinnaca (UK). State entered: 0
INFO:root:Invalid state for company: Poly Sweden. State entered: 0
INFO:root:Invalid state for company: Poste Italiane S.p.A.. State entered: 0
INFO:root:Invalid state for company: PRINCETON LTD. State entered: 0
INFO:root:Invalid state for company: Principado de Asturias. State entered: 0
INFO:root:Invalid state for company: PT XL AXIATA INDONESIA. State entered: 0
INFO:root:Invalid state for company: PUB. State entered: 0
INFO:root:Invalid state for company: PUBLIC INVESTMENT FUND (PIF). State entered: 0
INFO:root:Invalid state for company: QBE Management Services. State entered: 0
INFO:root:Invalid state for company: R+V Allgemeine Versicherung AG. State entered: 0
INFO:root:Invalid state for company: RAIZEN ENERGIA S.A. State entered: 0
INFO:root:Invalid state for company: RAIZEN PIRACICABA. State entered: 0
INFO:root:Invalid state for company: RCL Group Services (Pty). State entered: 0
INFO:root:Invalid state for company: Region Norrbotten. State entered: 0
INFO:root:Invalid state for company: RENGO CO LTD. State entered: 0
INFO:root:Invalid state for company: Sanlam. State entered: 0
INFO:root:Invalid state for company: ScanSource UK Ltd. State entered: 0
INFO:root:Invalid state for company: secunet Security Networks AG-Flex. State entered: 0
INFO:root:Invalid state for company: SECURITAS DIRECT ESPAÑA S.A.. State entered: 0
INFO:root:Invalid state for company: SFR. State entered: 0
INFO:root:Invalid state for company: SODEXO. State entered: 0
INFO:root:Invalid state for company: SoftBank Corp.. State entered: 0
INFO:root:Invalid state for company: SoftBank Corporation. State entered: 0
INFO:root:Invalid state for company: SOTOBAYASHI Co.,Ltd.. State entered: 0
INFO:root:Invalid state for company: South West Alliance of Rural Health. State entered: 0
INFO:root:Invalid state for company: South West London and St. George's NHSFT. State entered: 0
INFO:root:Invalid state for company: SQUARE ENIX CO., LTD. State entered: 0
INFO:root:Invalid state for company: Standard Chartered Bank Singapore. State entered: 0
INFO:root:Invalid state for company: Stelia Aerospace. State entered: 0
INFO:root:Invalid state for company: Student Loans Company Ltd. State entered: 0
INFO:root:Invalid state for company: STV, Svenska Tele & Video Konsult AB. State entered: 0
INFO:root:Invalid state for company: Sumitomo Heavy Industries, Ltd.. State entered: 0
INFO:root:Invalid state for company: Sun Pharma. State entered: 0
INFO:root:Invalid state for company: SUNCORP METWAY LTD - NZ. State entered: 0
INFO:root:Invalid state for company: SUNCORP-METWAY LIMITED. State entered: 0
INFO:root:Invalid state for company: SWM Services GmbH. State entered: 0
INFO:root:Invalid state for company: Tele2 Sverige AB. State entered: 0
INFO:root:Invalid state for company: TELEFONICA. State entered: 0
INFO:root:Invalid state for company: TELEFONICA SOLUCIONES S.A.U.. State entered: 0
INFO:root:Invalid state for company: Tilney Group Ltd. State entered: 0
INFO:root:Invalid state for company: TOTAL-ANTICIPATION. State entered: 0
INFO:root:Invalid state for company: TOYOTA. State entered: 0
INFO:root:Invalid state for company: Toyota Motor Europe. State entered: 0
INFO:root:Invalid state for company: Toyota South Africa Motors (PTY) Ltd.. State entered: 0
INFO:root:Invalid state for company: TU-Delft. State entered: 0
INFO:root:Invalid state for company: Ulkoasianministerio. State entered: 0
INFO:root:Invalid state for company: Unibail-Rodamco. State entered: 0
INFO:root:Invalid state for company: Université Bretagne Loire. State entered: 0
INFO:root:Invalid state for company: UNIVERSITY OF ULSTER. State entered: 0
INFO:root:Multiple emails for company: Valtori TUVE. Emails found: ['kari.mutanen@tuve.fi', 'kirjaamo@tuve.fi']
INFO:root:Invalid state for company: Valtori TUVE. State entered: 0
INFO:root:Invalid state for company: VASTECH SA (Pty) Ltd. State entered: 0
INFO:root:Invalid state for company: Videocall Limited. State entered: 0
INFO:root:Invalid state for company: Wates. State entered: 0
INFO:root:Invalid state for company: webmeeting video s.r.o.. State entered: 0
INFO:root:Multiple emails for company: Willis Towers Watson. Emails found: ['sheuli.forte@willistowerswatson.com', 'clarke.mitchell@willistowerswatson.com']
INFO:root:Invalid state for company: Willis Towers Watson. State entered: 0
